app/build/intermediates/manifest_merge_blame_file/debug/processDebugMainManifest/manifest-merger-blame-debug-report.txt
1<?xml version="1.0" encoding="utf-8"?>
2<manifest xmlns:android="http://schemas.android.com/apk/res/android"
3    package="com.barbershop.app"
4    android:versionCode="1"
5    android:versionName="1.0" >
6
7    <uses-sdk
8        android:minSdkVersion="26"
9        android:targetSdkVersion="33" />
10
11    <uses-permission android:name="android.permission.INTERNET" />
11-->src\main\AndroidManifest.xml:5:5-67
11-->src\main\AndroidManifest.xml:5:22-64
12    <uses-permission android:name="android.permission.ACCESS_FINE_LOCATION" />
12-->src\main\AndroidManifest.xml:6:5-79
12-->src\main\AndroidManifest.xml:6:22-76
13    <uses-permission android:name="android.permission.INTERNET" />
13-->src\main\AndroidManifest.xml:5:5-67
13-->src\main\AndroidManifest.xml:5:22-64
14    <uses-permission android:name="android.permission.ACCESS_FINE_LOCATION" />
14-->src\main\AndroidManifest.xml:6:5-79
14-->src\main\AndroidManifest.xml:6:22-76
15    <uses-permission android:name="android.permission.ACCESS_COARSE_LOCATION" />
15-->src\main\AndroidManifest.xml:9:5-81
15-->src\main\AndroidManifest.xml:9:22-78
16    <uses-permission android:name="android.permission.CAMERA" />
16-->src\main\AndroidManifest.xml:10:5-65
16-->src\main\AndroidManifest.xml:10:22-62
17
18    <uses-feature
18-->src\main\AndroidManifest.xml:11:5-85
19        android:name="android.hardware.camera"
19-->src\main\AndroidManifest.xml:11:19-57
20        android:required="false" />
20-->src\main\AndroidManifest.xml:11:58-82
21
22    <!-- Include required permissions for Google Maps API to run. -->
23    <uses-permission android:name="android.permission.ACCESS_NETWORK_STATE" />
23-->[com.google.android.gms:play-services-maps:18.2.0] AndroidManifest.xml:23:5-79
23-->[com.google.android.gms:play-services-maps:18.2.0] AndroidManifest.xml:23:22-76
24
25    <uses-feature
25-->[com.google.android.gms:play-services-maps:18.2.0] AndroidManifest.xml:26:5-28:35
26        android:glEsVersion="0x00020000"
26-->[com.google.android.gms:play-services-maps:18.2.0] AndroidManifest.xml:27:9-41
27        android:required="true" />
27-->[com.google.android.gms:play-services-maps:18.2.0] AndroidManifest.xml:28:9-32
28
29    <queries>
29-->[com.google.android.gms:play-services-maps:18.2.0] AndroidManifest.xml:30:5-34:15
30
31        <!-- Needs to be explicitly declared on Android R+ -->
32        <package android:name="com.google.android.apps.maps" />
32-->[com.google.android.gms:play-services-maps:18.2.0] AndroidManifest.xml:33:9-64
32-->[com.google.android.gms:play-services-maps:18.2.0] AndroidManifest.xml:33:18-61
33    </queries>
34
35    <permission
35-->[androidx.core:core:1.9.0] AndroidManifest.xml:22:5-24:47
36        android:name="com.barbershop.app.DYNAMIC_RECEIVER_NOT_EXPORTED_PERMISSION"
36-->[androidx.core:core:1.9.0] AndroidManifest.xml:23:9-81
37        android:protectionLevel="signature" />
37-->[androidx.core:core:1.9.0] AndroidManifest.xml:24:9-44
38
39    <uses-permission android:name="com.barbershop.app.DYNAMIC_RECEIVER_NOT_EXPORTED_PERMISSION" />
39-->[androidx.core:core:1.9.0] AndroidManifest.xml:26:5-97
39-->[androidx.core:core:1.9.0] AndroidManifest.xml:26:22-94
40
41    <application
41-->src\main\AndroidManifest.xml:13:5-36:19
42        android:name="com.barbershop.app.BarbershopApplication"
42-->src\main\AndroidManifest.xml:14:9-46
43        android:allowBackup="true"
43-->src\main\AndroidManifest.xml:15:9-35
44        android:appComponentFactory="androidx.core.app.CoreComponentFactory"
44-->[androidx.core:core:1.9.0] AndroidManifest.xml:28:18-86
45        android:debuggable="true"
46        android:extractNativeLibs="false"
47        android:icon="@android:drawable/sym_def_app_icon"
47-->src\main\AndroidManifest.xml:16:9-58
48        android:label="@string/app_name"
48-->src\main\AndroidManifest.xml:17:9-41
49        android:roundIcon="@android:drawable/sym_def_app_icon"
49-->src\main\AndroidManifest.xml:18:9-63
50        android:supportsRtl="true"
50-->src\main\AndroidManifest.xml:19:9-35
51        android:testOnly="true"
52        android:theme="@style/Theme.HairApp" >
52-->src\main\AndroidManifest.xml:20:9-45
53
54        <!-- Google Maps API Key -->
55        <meta-data
55-->src\main\AndroidManifest.xml:24:9-26:74
56            android:name="com.google.android.geo.API_KEY"
56-->src\main\AndroidManifest.xml:25:13-58
57            android:value="AIzaSyDemoKeyPleaseReplaceWithYourActualKey" />
57-->src\main\AndroidManifest.xml:26:13-72
58
59        <activity
59-->src\main\AndroidManifest.xml:28:9-35:20
60            android:name="com.barbershop.app.MainActivity"
60-->src\main\AndroidManifest.xml:29:13-41
61            android:exported="true" >
61-->src\main\AndroidManifest.xml:30:13-36
62            <intent-filter>
62-->src\main\AndroidManifest.xml:31:13-34:29
63                <action android:name="android.intent.action.MAIN" />
63-->src\main\AndroidManifest.xml:32:17-69
63-->src\main\AndroidManifest.xml:32:25-66
64
65                <category android:name="android.intent.category.LAUNCHER" />
65-->src\main\AndroidManifest.xml:33:17-77
65-->src\main\AndroidManifest.xml:33:27-74
66            </intent-filter>
67        </activity>
68
69        <provider
69-->[androidx.emoji2:emoji2:1.2.0] AndroidManifest.xml:24:9-32:20
70            android:name="androidx.startup.InitializationProvider"
70-->[androidx.emoji2:emoji2:1.2.0] AndroidManifest.xml:25:13-67
71            android:authorities="com.barbershop.app.androidx-startup"
71-->[androidx.emoji2:emoji2:1.2.0] AndroidManifest.xml:26:13-68
72            android:exported="false" >
72-->[androidx.emoji2:emoji2:1.2.0] AndroidManifest.xml:27:13-37
73            <meta-data
73-->[androidx.emoji2:emoji2:1.2.0] AndroidManifest.xml:29:13-31:52
74                android:name="androidx.emoji2.text.EmojiCompatInitializer"
74-->[androidx.emoji2:emoji2:1.2.0] AndroidManifest.xml:30:17-75
75                android:value="androidx.startup" />
75-->[androidx.emoji2:emoji2:1.2.0] AndroidManifest.xml:31:17-49
76            <meta-data
76-->[androidx.lifecycle:lifecycle-process:2.6.2] AndroidManifest.xml:29:13-31:52
77                android:name="androidx.lifecycle.ProcessLifecycleInitializer"
77-->[androidx.lifecycle:lifecycle-process:2.6.2] AndroidManifest.xml:30:17-78
78                android:value="androidx.startup" />
78-->[androidx.lifecycle:lifecycle-process:2.6.2] AndroidManifest.xml:31:17-49
79            <meta-data
79-->[androidx.profileinstaller:profileinstaller:1.3.0] AndroidManifest.xml:29:13-31:52
80                android:name="androidx.profileinstaller.ProfileInstallerInitializer"
80-->[androidx.profileinstaller:profileinstaller:1.3.0] AndroidManifest.xml:30:17-85
81                android:value="androidx.startup" />
81-->[androidx.profileinstaller:profileinstaller:1.3.0] AndroidManifest.xml:31:17-49
82        </provider> <!-- Needs to be explicitly declared on P+ -->
83        <uses-library
83-->[com.google.android.gms:play-services-maps:18.2.0] AndroidManifest.xml:39:9-41:40
84            android:name="org.apache.http.legacy"
84-->[com.google.android.gms:play-services-maps:18.2.0] AndroidManifest.xml:40:13-50
85            android:required="false" />
85-->[com.google.android.gms:play-services-maps:18.2.0] AndroidManifest.xml:41:13-37
86
87        <activity
87-->[com.google.android.gms:play-services-base:18.1.0] AndroidManifest.xml:20:9-22:45
88            android:name="com.google.android.gms.common.api.GoogleApiActivity"
88-->[com.google.android.gms:play-services-base:18.1.0] AndroidManifest.xml:20:19-85
89            android:exported="false"
89-->[com.google.android.gms:play-services-base:18.1.0] AndroidManifest.xml:22:19-43
90            android:theme="@android:style/Theme.Translucent.NoTitleBar" />
90-->[com.google.android.gms:play-services-base:18.1.0] AndroidManifest.xml:21:19-78
91
92        <meta-data
92-->[com.google.android.gms:play-services-basement:18.1.0] AndroidManifest.xml:21:9-23:69
93            android:name="com.google.android.gms.version"
93-->[com.google.android.gms:play-services-basement:18.1.0] AndroidManifest.xml:22:13-58
94            android:value="@integer/google_play_services_version" />
94-->[com.google.android.gms:play-services-basement:18.1.0] AndroidManifest.xml:23:13-66
95
96        <uses-library
96-->[androidx.window:window:1.0.0] AndroidManifest.xml:25:9-27:40
97            android:name="androidx.window.extensions"
97-->[androidx.window:window:1.0.0] AndroidManifest.xml:26:13-54
98            android:required="false" />
98-->[androidx.window:window:1.0.0] AndroidManifest.xml:27:13-37
99        <uses-library
99-->[androidx.window:window:1.0.0] AndroidManifest.xml:28:9-30:40
100            android:name="androidx.window.sidecar"
100-->[androidx.window:window:1.0.0] AndroidManifest.xml:29:13-51
101            android:required="false" />
101-->[androidx.window:window:1.0.0] AndroidManifest.xml:30:13-37
102
103        <service
103-->[androidx.room:room-runtime:2.5.2] AndroidManifest.xml:24:9-28:63
104            android:name="androidx.room.MultiInstanceInvalidationService"
104-->[androidx.room:room-runtime:2.5.2] AndroidManifest.xml:25:13-74
105            android:directBootAware="true"
105-->[androidx.room:room-runtime:2.5.2] AndroidManifest.xml:26:13-43
106            android:exported="false" />
106-->[androidx.room:room-runtime:2.5.2] AndroidManifest.xml:27:13-37
107
108        <receiver
108-->[androidx.profileinstaller:profileinstaller:1.3.0] AndroidManifest.xml:34:9-52:20
109            android:name="androidx.profileinstaller.ProfileInstallReceiver"
109-->[androidx.profileinstaller:profileinstaller:1.3.0] AndroidManifest.xml:35:13-76
110            android:directBootAware="false"
110-->[androidx.profileinstaller:profileinstaller:1.3.0] AndroidManifest.xml:36:13-44
111            android:enabled="true"
111-->[androidx.profileinstaller:profileinstaller:1.3.0] AndroidManifest.xml:37:13-35
112            android:exported="true"
112-->[androidx.profileinstaller:profileinstaller:1.3.0] AndroidManifest.xml:38:13-36
113            android:permission="android.permission.DUMP" >
113-->[androidx.profileinstaller:profileinstaller:1.3.0] AndroidManifest.xml:39:13-57
114            <intent-filter>
114-->[androidx.profileinstaller:profileinstaller:1.3.0] AndroidManifest.xml:40:13-42:29
115                <action android:name="androidx.profileinstaller.action.INSTALL_PROFILE" />
115-->[androidx.profileinstaller:profileinstaller:1.3.0] AndroidManifest.xml:41:17-91
115-->[androidx.profileinstaller:profileinstaller:1.3.0] AndroidManifest.xml:41:25-88
116            </intent-filter>
117            <intent-filter>
117-->[androidx.profileinstaller:profileinstaller:1.3.0] AndroidManifest.xml:43:13-45:29
118                <action android:name="androidx.profileinstaller.action.SKIP_FILE" />
118-->[androidx.profileinstaller:profileinstaller:1.3.0] AndroidManifest.xml:44:17-85
118-->[androidx.profileinstaller:profileinstaller:1.3.0] AndroidManifest.xml:44:25-82
119            </intent-filter>
120            <intent-filter>
120-->[androidx.profileinstaller:profileinstaller:1.3.0] AndroidManifest.xml:46:13-48:29
121                <action android:name="androidx.profileinstaller.action.SAVE_PROFILE" />
121-->[androidx.profileinstaller:profileinstaller:1.3.0] AndroidManifest.xml:47:17-88
121-->[androidx.profileinstaller:profileinstaller:1.3.0] AndroidManifest.xml:47:25-85
122            </intent-filter>
123            <intent-filter>
123-->[androidx.profileinstaller:profileinstaller:1.3.0] AndroidManifest.xml:49:13-51:29
124                <action android:name="androidx.profileinstaller.action.BENCHMARK_OPERATION" />
124-->[androidx.profileinstaller:profileinstaller:1.3.0] AndroidManifest.xml:50:17-95
124-->[androidx.profileinstaller:profileinstaller:1.3.0] AndroidManifest.xml:50:25-92
125            </intent-filter>
126        </receiver>
127    </application>
128
129</manifest>